<?xml version="1.0" encoding="UTF-8" standalone="no"?>
<testsuite failures="0" name="cucumber.runtime.formatter.JUnitFormatter" skipped="0" tests="8" time="195.324421">
    <testcase classname="http://examples.codecharge.com/TaskManager/Default.php" name="Data Driven Login to examples.codecharge.com/TaskManager/Default.php" time="16.422143">
        <system-out>
            <![CDATA[Given launch the browser....................................................passed
When open the application...................................................passed
Then enter username as "admin" & password "admin" and click on login........passed
]]>
        </system-out>
    </testcase>
    <testcase classname="http://examples.codecharge.com/TaskManager/Default.php" name="Data Driven Login to examples.codecharge.com/TaskManager/Default.php 2" time="17.157868">
        <system-out>
            <![CDATA[Given launch the browser....................................................passed
When open the application...................................................passed
Then enter username as "aadmin" & password "aadmin" and click on login......passed
]]>
        </system-out>
    </testcase>
    <testcase classname="http://examples.codecharge.com/TaskManager/Default.php" name="Data Driven Login to examples.codecharge.com/TaskManager/Default.php 3" time="14.515596">
        <system-out>
            <![CDATA[Given launch the browser....................................................passed
When open the application...................................................passed
Then enter username as "badmin" & password "badmin" and click on login......passed
]]>
        </system-out>
    </testcase>
    <testcase classname="http://examples.codecharge.com/TaskManager/Default.php" name="add Task in examples.codecharge.com/TaskManager/Default.php" time="20.381491">
        <system-out>
            <![CDATA[Given open the Application..................................................passed
When click on Administration2...............................................passed
When login with valid credentials...........................................passed
When click on add task......................................................passed
When enter all fields.......................................................passed
When select Start Date......................................................passed
When select End Date........................................................passed
When click on Add button....................................................passed
Then assert if added task is shown in task list table.......................passed
]]>
        </system-out>
    </testcase>
    <testcase classname="http://examples.codecharge.com/TaskManager/Default.php" name="Search Task in Type" time="9.514376">
        <system-out>
            <![CDATA[Given open the application7.................................................passed
When select task in Type....................................................passed
When click on Search........................................................passed
Then Assert if previously added task is in the table or not.................passed
]]>
        </system-out>
    </testcase>
    <testcase classname="http://examples.codecharge.com/TaskManager/Default.php" name="Sort the Task Table according to finish date" time="15.022309">
        <system-out>
            <![CDATA[Given view the website......................................................passed
When click on finish date...................................................passed
Then Assert if finish date is as same as previously added task finish date..passed
]]>
        </system-out>
    </testcase>
    <testcase classname="http://examples.codecharge.com/TaskManager/Default.php" name="screenshot the type Type from the page" time="41.963706">
        <system-out>
            <![CDATA[Given Open the web application..............................................passed
When select task in Type and search.........................................passed
When take screenshot the Displayed tasks....................................passed
Then assert the tasks.......................................................passed
]]>
        </system-out>
    </testcase>
    <testcase classname="http://examples.codecharge.com/TaskManager/Default.php" name="Logout from the application" time="60.346932">
        <system-out>
            <![CDATA[Given Launch web application................................................passed
When Type username as "admin" & password "admin" & login to the web application.passed
When click on logout to logout from the webApplication......................passed
Then check if application is logout.........................................passed
]]>
        </system-out>
    </testcase>
</testsuite>
